# JRE version: OpenJDK Runtime Environment Microsoft-8035246 (17.0.8+7) (build 17.0.8+7-LTS)
# Java VM: OpenJDK 64-Bit Server VM Microsoft-8035246 (17.0.8+7-LTS, mixed mode, sharing, tiered, compressed oops, compressed class ptrs, g1 gc, windows-amd64)
GC Precious Log:
 CPUs: 4 total, 4 available
 Memory: 8067M
 Large Page Support: Disabled
 NUMA Support: Disabled
 Compressed Oops: Enabled (32-bit)
 Heap Region Size: 1M
 Heap Min Capacity: 8M
 Heap Initial Capacity: 128M
 Heap Max Capacity: 2G
 Pre-touch: Disabled
 Parallel Workers: 4
 Concurrent Workers: 1
 Concurrent Refinement Workers: 4
 Periodic GC: Disabled
Heap:
 garbage-first heap   total 189440K, used 143749K [0x0000000080000000, 0x0000000100000000)
  region size 1024K, 24 young (24576K), 5 survivors (5120K)
 Metaspace       used 97555K, committed 98368K, reserved 557056K
  class space    used 13456K, committed 13824K, reserved 425984K
GC Heap History (20 events):
Event: 45.711 GC heap before
{Heap before GC invocations=51 (full 0):
 garbage-first heap   total 189440K, used 101720K [0x0000000080000000, 0x0000000100000000)
  region size 1024K, 9 young (9216K), 8 survivors (8192K)
 Metaspace       used 93180K, committed 94016K, reserved 557056K
  class space    used 13042K, committed 13440K, reserved 425984K
}
Event: 45.724 GC heap after
{Heap after GC invocations=52 (full 0):
 garbage-first heap   total 189440K, used 100940K [0x0000000080000000, 0x0000000100000000)
  region size 1024K, 1 young (1024K), 1 survivors (1024K)
 Metaspace       used 93180K, committed 94016K, reserved 557056K
  class space    used 13042K, committed 13440K, reserved 425984K
}
Event: 47.217 GC heap before
{Heap before GC invocations=52 (full 0):
 garbage-first heap   total 189440K, used 157260K [0x0000000080000000, 0x0000000100000000)
  region size 1024K, 52 young (53248K), 1 survivors (1024K)
 Metaspace       used 95809K, committed 96640K, reserved 557056K
  class space    used 13287K, committed 13696K, reserved 425984K
}
Event: 47.229 GC heap after
{Heap after GC invocations=53 (full 0):
 garbage-first heap   total 189440K, used 106223K [0x0000000080000000, 0x0000000100000000)
  region size 1024K, 7 young (7168K), 7 survivors (7168K)
 Metaspace       used 95809K, committed 96640K, reserved 557056K
  class space    used 13287K, committed 13696K, reserved 425984K
}
Event: 48.862 GC heap before
{Heap before GC invocations=54 (full 0):
 garbage-first heap   total 189440K, used 151279K [0x0000000080000000, 0x0000000100000000)
  region size 1024K, 52 young (53248K), 7 survivors (7168K)
 Metaspace       used 96880K, committed 97728K, reserved 557056K
  class space    used 13418K, committed 13824K, reserved 425984K
}
Event: 48.875 GC heap after
{Heap after GC invocations=55 (full 0):
 garbage-first heap   total 189440K, used 109440K [0x0000000080000000, 0x0000000100000000)
  region size 1024K, 4 young (4096K), 4 survivors (4096K)
 Metaspace       used 96880K, committed 97728K, reserved 557056K
  class space    used 13418K, committed 13824K, reserved 425984K
}
Event: 48.921 GC heap before
{Heap before GC invocations=55 (full 0):
 garbage-first heap   total 189440K, used 113536K [0x0000000080000000, 0x0000000100000000)
  region size 1024K, 9 young (9216K), 4 survivors (4096K)
 Metaspace       used 96882K, committed 97728K, reserved 557056K
  class space    used 13419K, committed 13824K, reserved 425984K
}
Event: 48.927 GC heap after
{Heap after GC invocations=56 (full 0):
 garbage-first heap   total 189440K, used 110465K [0x0000000080000000, 0x0000000100000000)
  region size 1024K, 2 young (2048K), 2 survivors (2048K)
 Metaspace       used 96882K, committed 97728K, reserved 557056K
  class space    used 13419K, committed 13824K, reserved 425984K
}
Event: 50.383 GC heap before
{Heap before GC invocations=56 (full 0):
 garbage-first heap   total 189440K, used 153473K [0x0000000080000000, 0x0000000100000000)
  region size 1024K, 45 young (46080K), 2 survivors (2048K)
 Metaspace       used 96891K, committed 97728K, reserved 557056K
  class space    used 13420K, committed 13824K, reserved 425984K
}
Event: 50.389 GC heap after
{Heap after GC invocations=57 (full 0):
 garbage-first heap   total 189440K, used 112218K [0x0000000080000000, 0x0000000100000000)
  region size 1024K, 4 young (4096K), 4 survivors (4096K)
 Metaspace       used 96891K, committed 97728K, reserved 557056K
  class space    used 13420K, committed 13824K, reserved 425984K
}
Event: 51.515 GC heap before
{Heap before GC invocations=57 (full 0):
 garbage-first heap   total 189440K, used 163418K [0x0000000080000000, 0x0000000100000000)
  region size 1024K, 47 young (48128K), 4 survivors (4096K)
 Metaspace       used 97085K, committed 97920K, reserved 557056K
  class space    used 13422K, committed 13824K, reserved 425984K
}
Event: 51.524 GC heap after
{Heap after GC invocations=58 (full 0):
 garbage-first heap   total 189440K, used 116087K [0x0000000080000000, 0x0000000100000000)
  region size 1024K, 6 young (6144K), 6 survivors (6144K)
 Metaspace       used 97085K, committed 97920K, reserved 557056K
  class space    used 13422K, committed 13824K, reserved 425984K
}
Event: 52.224 GC heap before
{Heap before GC invocations=58 (full 0):
 garbage-first heap   total 189440K, used 157047K [0x0000000080000000, 0x0000000100000000)
  region size 1024K, 38 young (38912K), 6 survivors (6144K)
 Metaspace       used 97244K, committed 98112K, reserved 557056K
  class space    used 13436K, committed 13824K, reserved 425984K
}
Event: 52.237 GC heap after
{Heap after GC invocations=59 (full 0):
 garbage-first heap   total 189440K, used 121642K [0x0000000080000000, 0x0000000100000000)
  region size 1024K, 4 young (4096K), 4 survivors (4096K)
 Metaspace       used 97244K, committed 98112K, reserved 557056K
  class space    used 13436K, committed 13824K, reserved 425984K
}
Event: 52.829 GC heap before
{Heap before GC invocations=59 (full 0):
 garbage-first heap   total 189440K, used 163626K [0x0000000080000000, 0x0000000100000000)
  region size 1024K, 39 young (39936K), 4 survivors (4096K)
 Metaspace       used 97388K, committed 98176K, reserved 557056K
  class space    used 13443K, committed 13824K, reserved 425984K
}
Event: 52.840 GC heap after
{Heap after GC invocations=60 (full 0):
 garbage-first heap   total 189440K, used 123632K [0x0000000080000000, 0x0000000100000000)
  region size 1024K, 3 young (3072K), 3 survivors (3072K)
 Metaspace       used 97388K, committed 98176K, reserved 557056K
  class space    used 13443K, committed 13824K, reserved 425984K
}
Event: 53.519 GC heap before
{Heap before GC invocations=60 (full 0):
 garbage-first heap   total 189440K, used 164592K [0x0000000080000000, 0x0000000100000000)
  region size 1024K, 38 young (38912K), 3 survivors (3072K)
 Metaspace       used 97510K, committed 98304K, reserved 557056K
  class space    used 13455K, committed 13824K, reserved 425984K
}
Event: 53.527 GC heap after
{Heap after GC invocations=61 (full 0):
 garbage-first heap   total 189440K, used 123894K [0x0000000080000000, 0x0000000100000000)
  region size 1024K, 5 young (5120K), 5 survivors (5120K)
 Metaspace       used 97510K, committed 98304K, reserved 557056K
  class space    used 13455K, committed 13824K, reserved 425984K
}
Event: 54.208 GC heap before
{Heap before GC invocations=61 (full 0):
 garbage-first heap   total 189440K, used 162806K [0x0000000080000000, 0x0000000100000000)
  region size 1024K, 40 young (40960K), 5 survivors (5120K)
 Metaspace       used 97547K, committed 98368K, reserved 557056K
  class space    used 13456K, committed 13824K, reserved 425984K
}
Event: 54.218 GC heap after
{Heap after GC invocations=62 (full 0):
 garbage-first heap   total 189440K, used 126341K [0x0000000080000000, 0x0000000100000000)
  region size 1024K, 5 young (5120K), 5 survivors (5120K)
 Metaspace       used 97547K, committed 98368K, reserved 557056K
  class space    used 13456K, committed 13824K, reserved 425984K
}

